mode: set
snippet.bekanay.net/internal/models/mocks/snippets.go:19.87,21.2 1 0
snippet.bekanay.net/internal/models/mocks/snippets.go:23.61,24.12 1 0
snippet.bekanay.net/internal/models/mocks/snippets.go:25.9,26.26 1 0
snippet.bekanay.net/internal/models/mocks/snippets.go:27.10,28.33 1 0
snippet.bekanay.net/internal/models/mocks/snippets.go:32.60,34.2 1 0
snippet.bekanay.net/internal/models/mocks/users.go:7.64,8.15 1 0
snippet.bekanay.net/internal/models/mocks/users.go:9.26,10.34 1 0
snippet.bekanay.net/internal/models/mocks/users.go:11.10,12.13 1 0
snippet.bekanay.net/internal/models/mocks/users.go:16.71,17.60 1 0
snippet.bekanay.net/internal/models/mocks/users.go:17.60,19.3 1 0
snippet.bekanay.net/internal/models/mocks/users.go:21.2,21.40 1 0
snippet.bekanay.net/internal/models/mocks/users.go:24.50,25.12 1 0
snippet.bekanay.net/internal/models/mocks/users.go:26.9,27.19 1 0
snippet.bekanay.net/internal/models/mocks/users.go:28.10,29.20 1 0
snippet.bekanay.net/internal/validator/validator.go:16.34,18.2 1 0
snippet.bekanay.net/internal/validator/validator.go:20.56,21.26 1 0
snippet.bekanay.net/internal/validator/validator.go:21.26,23.3 1 0
snippet.bekanay.net/internal/validator/validator.go:24.2,24.46 1 0
snippet.bekanay.net/internal/validator/validator.go:24.46,26.3 1 0
snippet.bekanay.net/internal/validator/validator.go:29.54,31.2 1 0
snippet.bekanay.net/internal/validator/validator.go:33.62,34.9 1 0
snippet.bekanay.net/internal/validator/validator.go:34.9,36.3 1 0
snippet.bekanay.net/internal/validator/validator.go:39.34,41.2 1 0
snippet.bekanay.net/internal/validator/validator.go:43.41,45.2 1 0
snippet.bekanay.net/internal/validator/validator.go:47.71,48.33 1 0
snippet.bekanay.net/internal/validator/validator.go:48.33,49.34 1 0
snippet.bekanay.net/internal/validator/validator.go:49.34,51.4 1 0
snippet.bekanay.net/internal/validator/validator.go:53.2,53.14 1 0
snippet.bekanay.net/internal/validator/validator.go:56.41,58.2 1 0
snippet.bekanay.net/internal/validator/validator.go:60.52,62.2 1 0
snippet.bekanay.net/internal/assert/assert.go:8.60,11.24 2 0
snippet.bekanay.net/internal/assert/assert.go:11.24,13.3 1 0
snippet.bekanay.net/internal/assert/assert.go:16.69,19.50 2 0
snippet.bekanay.net/internal/assert/assert.go:19.50,21.3 1 0
snippet.bekanay.net/internal/assert/assert.go:24.43,27.19 2 0
snippet.bekanay.net/internal/assert/assert.go:27.19,29.3 1 0
snippet.bekanay.net/cmd/web/handlers.go:34.70,36.16 2 0
snippet.bekanay.net/cmd/web/handlers.go:36.16,39.3 2 0
snippet.bekanay.net/cmd/web/handlers.go:41.2,43.49 3 0
snippet.bekanay.net/cmd/web/handlers.go:46.77,49.26 3 1
snippet.bekanay.net/cmd/web/handlers.go:49.26,52.3 2 1
snippet.bekanay.net/cmd/web/handlers.go:54.2,55.16 2 1
snippet.bekanay.net/cmd/web/handlers.go:55.16,56.41 1 1
snippet.bekanay.net/cmd/web/handlers.go:56.41,58.4 1 1
snippet.bekanay.net/cmd/web/handlers.go:58.9,60.4 1 0
snippet.bekanay.net/cmd/web/handlers.go:61.3,61.9 1 1
snippet.bekanay.net/cmd/web/handlers.go:64.2,67.49 3 1
snippet.bekanay.net/cmd/web/handlers.go:70.79,76.2 3 0
snippet.bekanay.net/cmd/web/handlers.go:78.83,82.16 3 0
snippet.bekanay.net/cmd/web/handlers.go:82.16,85.3 2 0
snippet.bekanay.net/cmd/web/handlers.go:87.2,92.19 5 0
snippet.bekanay.net/cmd/web/handlers.go:92.19,97.3 4 0
snippet.bekanay.net/cmd/web/handlers.go:99.2,100.16 2 0
snippet.bekanay.net/cmd/web/handlers.go:100.16,103.3 2 0
snippet.bekanay.net/cmd/web/handlers.go:105.2,107.79 2 0
snippet.bekanay.net/cmd/web/handlers.go:110.76,114.2 3 1
snippet.bekanay.net/cmd/web/handlers.go:116.80,119.16 3 1
snippet.bekanay.net/cmd/web/handlers.go:119.16,122.3 2 0
snippet.bekanay.net/cmd/web/handlers.go:124.2,130.19 6 1
snippet.bekanay.net/cmd/web/handlers.go:130.19,135.3 4 1
snippet.bekanay.net/cmd/web/handlers.go:137.2,138.16 2 1
snippet.bekanay.net/cmd/web/handlers.go:138.16,139.47 1 1
snippet.bekanay.net/cmd/web/handlers.go:139.47,145.4 4 1
snippet.bekanay.net/cmd/web/handlers.go:145.9,147.4 1 0
snippet.bekanay.net/cmd/web/handlers.go:148.3,148.9 1 1
snippet.bekanay.net/cmd/web/handlers.go:150.2,151.57 2 1
snippet.bekanay.net/cmd/web/handlers.go:154.75,158.2 3 0
snippet.bekanay.net/cmd/web/handlers.go:160.79,164.16 3 0
snippet.bekanay.net/cmd/web/handlers.go:164.16,168.3 3 0
snippet.bekanay.net/cmd/web/handlers.go:170.2,174.19 4 0
snippet.bekanay.net/cmd/web/handlers.go:174.19,179.3 4 0
snippet.bekanay.net/cmd/web/handlers.go:181.2,182.16 2 0
snippet.bekanay.net/cmd/web/handlers.go:182.16,183.51 1 0
snippet.bekanay.net/cmd/web/handlers.go:183.51,189.4 4 0
snippet.bekanay.net/cmd/web/handlers.go:189.9,191.4 1 0
snippet.bekanay.net/cmd/web/handlers.go:192.3,192.9 1 0
snippet.bekanay.net/cmd/web/handlers.go:194.2,195.16 2 0
snippet.bekanay.net/cmd/web/handlers.go:195.16,198.3 2 0
snippet.bekanay.net/cmd/web/handlers.go:200.2,201.61 2 0
snippet.bekanay.net/cmd/web/handlers.go:204.80,206.16 2 0
snippet.bekanay.net/cmd/web/handlers.go:206.16,209.3 2 0
snippet.bekanay.net/cmd/web/handlers.go:210.2,213.47 3 0
snippet.bekanay.net/cmd/web/handlers.go:216.51,218.2 1 1
snippet.bekanay.net/cmd/web/helpers.go:15.71,20.2 3 0
snippet.bekanay.net/cmd/web/helpers.go:22.72,24.2 1 1
snippet.bekanay.net/cmd/web/helpers.go:26.57,28.2 1 1
snippet.bekanay.net/cmd/web/helpers.go:30.100,32.9 2 1
snippet.bekanay.net/cmd/web/helpers.go:32.9,36.3 3 0
snippet.bekanay.net/cmd/web/helpers.go:38.2,41.16 3 1
snippet.bekanay.net/cmd/web/helpers.go:41.16,44.3 2 0
snippet.bekanay.net/cmd/web/helpers.go:46.2,47.16 2 1
snippet.bekanay.net/cmd/web/helpers.go:50.72,57.2 1 1
snippet.bekanay.net/cmd/web/helpers.go:59.72,61.16 2 1
snippet.bekanay.net/cmd/web/helpers.go:61.16,63.3 1 0
snippet.bekanay.net/cmd/web/helpers.go:64.2,65.16 2 1
snippet.bekanay.net/cmd/web/helpers.go:65.16,67.42 2 0
snippet.bekanay.net/cmd/web/helpers.go:67.42,68.14 1 0
snippet.bekanay.net/cmd/web/helpers.go:70.3,70.13 1 0
snippet.bekanay.net/cmd/web/helpers.go:72.2,72.12 1 1
snippet.bekanay.net/cmd/web/helpers.go:75.63,77.9 2 1
snippet.bekanay.net/cmd/web/helpers.go:77.9,79.3 1 1
snippet.bekanay.net/cmd/web/helpers.go:80.2,80.24 1 0
snippet.bekanay.net/cmd/web/main.go:31.13,41.16 7 0
snippet.bekanay.net/cmd/web/main.go:41.16,43.3 1 0
snippet.bekanay.net/cmd/web/main.go:44.2,47.16 3 0
snippet.bekanay.net/cmd/web/main.go:47.16,49.3 1 0
snippet.bekanay.net/cmd/web/main.go:51.2,84.21 11 0
snippet.bekanay.net/cmd/web/main.go:87.42,89.16 2 0
snippet.bekanay.net/cmd/web/main.go:89.16,91.3 1 0
snippet.bekanay.net/cmd/web/main.go:92.2,92.33 1 0
snippet.bekanay.net/cmd/web/main.go:92.33,94.3 1 0
snippet.bekanay.net/cmd/web/main.go:95.2,95.16 1 0
snippet.bekanay.net/cmd/web/middleware.go:11.52,12.71 1 1
snippet.bekanay.net/cmd/web/middleware.go:12.71,19.3 6 1
snippet.bekanay.net/cmd/web/middleware.go:22.68,23.71 1 1
snippet.bekanay.net/cmd/web/middleware.go:23.71,27.3 2 1
snippet.bekanay.net/cmd/web/middleware.go:30.70,31.71 1 1
snippet.bekanay.net/cmd/web/middleware.go:31.71,32.16 1 1
snippet.bekanay.net/cmd/web/middleware.go:32.16,33.36 1 1
snippet.bekanay.net/cmd/web/middleware.go:33.36,36.5 2 0
snippet.bekanay.net/cmd/web/middleware.go:38.3,38.23 1 1
snippet.bekanay.net/cmd/web/middleware.go:42.79,43.71 1 1
snippet.bekanay.net/cmd/web/middleware.go:43.71,44.30 1 0
snippet.bekanay.net/cmd/web/middleware.go:44.30,47.4 2 0
snippet.bekanay.net/cmd/web/middleware.go:48.3,49.23 2 0
snippet.bekanay.net/cmd/web/middleware.go:53.45,60.52 3 1
snippet.bekanay.net/cmd/web/middleware.go:60.52,62.47 1 1
snippet.bekanay.net/cmd/web/middleware.go:62.47,64.53 1 1
snippet.bekanay.net/cmd/web/middleware.go:64.53,66.5 1 1
snippet.bekanay.net/cmd/web/middleware.go:67.4,67.15 1 1
snippet.bekanay.net/cmd/web/middleware.go:69.3,69.15 1 0
snippet.bekanay.net/cmd/web/middleware.go:72.2,72.20 1 1
snippet.bekanay.net/cmd/web/middleware.go:75.70,76.71 1 1
snippet.bekanay.net/cmd/web/middleware.go:76.71,78.14 2 1
snippet.bekanay.net/cmd/web/middleware.go:78.14,81.4 2 1
snippet.bekanay.net/cmd/web/middleware.go:82.3,83.17 2 0
snippet.bekanay.net/cmd/web/middleware.go:83.17,86.4 2 0
snippet.bekanay.net/cmd/web/middleware.go:88.3,88.13 1 0
snippet.bekanay.net/cmd/web/middleware.go:88.13,91.4 2 0
snippet.bekanay.net/cmd/web/middleware.go:93.3,93.23 1 0
snippet.bekanay.net/cmd/web/routes.go:12.47,15.82 2 1
snippet.bekanay.net/cmd/web/routes.go:15.82,17.3 1 1
snippet.bekanay.net/cmd/web/routes.go:18.2,40.30 16 1
snippet.bekanay.net/cmd/web/templates.go:23.36,24.16 1 1
snippet.bekanay.net/cmd/web/templates.go:24.16,26.3 1 1
snippet.bekanay.net/cmd/web/templates.go:28.2,28.47 1 1
snippet.bekanay.net/cmd/web/templates.go:35.64,39.16 3 1
snippet.bekanay.net/cmd/web/templates.go:39.16,41.3 1 0
snippet.bekanay.net/cmd/web/templates.go:43.2,43.29 1 1
snippet.bekanay.net/cmd/web/templates.go:43.29,53.17 4 1
snippet.bekanay.net/cmd/web/templates.go:53.17,55.4 1 0
snippet.bekanay.net/cmd/web/templates.go:57.3,57.19 1 1
snippet.bekanay.net/cmd/web/templates.go:59.2,59.19 1 1
snippet.bekanay.net/internal/models/snippets.go:27.87,32.16 3 0
snippet.bekanay.net/internal/models/snippets.go:32.16,34.3 1 0
snippet.bekanay.net/internal/models/snippets.go:36.2,37.16 2 0
snippet.bekanay.net/internal/models/snippets.go:37.16,39.3 1 0
snippet.bekanay.net/internal/models/snippets.go:41.2,41.21 1 0
snippet.bekanay.net/internal/models/snippets.go:44.54,53.16 5 0
snippet.bekanay.net/internal/models/snippets.go:53.16,54.36 1 0
snippet.bekanay.net/internal/models/snippets.go:54.36,56.4 1 0
snippet.bekanay.net/internal/models/snippets.go:56.9,58.4 1 0
snippet.bekanay.net/internal/models/snippets.go:60.2,60.15 1 0
snippet.bekanay.net/internal/models/snippets.go:63.53,68.16 3 0
snippet.bekanay.net/internal/models/snippets.go:68.16,70.3 1 0
snippet.bekanay.net/internal/models/snippets.go:72.2,76.18 3 0
snippet.bekanay.net/internal/models/snippets.go:76.18,79.17 3 0
snippet.bekanay.net/internal/models/snippets.go:79.17,81.4 1 0
snippet.bekanay.net/internal/models/snippets.go:82.3,82.33 1 0
snippet.bekanay.net/internal/models/snippets.go:85.2,85.34 1 0
snippet.bekanay.net/internal/models/snippets.go:85.34,87.3 1 0
snippet.bekanay.net/internal/models/snippets.go:89.2,89.22 1 0
snippet.bekanay.net/internal/models/users.go:31.64,33.16 2 0
snippet.bekanay.net/internal/models/users.go:33.16,35.3 1 0
snippet.bekanay.net/internal/models/users.go:37.2,41.16 3 0
snippet.bekanay.net/internal/models/users.go:41.16,43.34 2 0
snippet.bekanay.net/internal/models/users.go:43.34,44.91 1 0
snippet.bekanay.net/internal/models/users.go:44.91,46.5 1 0
snippet.bekanay.net/internal/models/users.go:48.3,48.13 1 0
snippet.bekanay.net/internal/models/users.go:50.2,50.12 1 0
snippet.bekanay.net/internal/models/users.go:53.71,59.16 5 0
snippet.bekanay.net/internal/models/users.go:59.16,60.36 1 0
snippet.bekanay.net/internal/models/users.go:60.36,62.4 1 0
snippet.bekanay.net/internal/models/users.go:62.9,64.4 1 0
snippet.bekanay.net/internal/models/users.go:67.2,68.16 2 0
snippet.bekanay.net/internal/models/users.go:68.16,69.58 1 0
snippet.bekanay.net/internal/models/users.go:69.58,71.4 1 0
snippet.bekanay.net/internal/models/users.go:71.9,73.4 1 0
snippet.bekanay.net/internal/models/users.go:75.2,75.16 1 0
snippet.bekanay.net/internal/models/users.go:78.50,85.2 4 1
